ARM GAS  /var/folders/9r/058dd0ks2p13fgrcl1zm9cj40000gp/T//ccOt79jb.s 			page 1


   1              		.cpu cortex-m4
   2              		.eabi_attribute 27, 1
   3              		.eabi_attribute 28, 1
   4              		.eabi_attribute 20, 1
   5              		.eabi_attribute 21, 1
   6              		.eabi_attribute 23, 3
   7              		.eabi_attribute 24, 1
   8              		.eabi_attribute 25, 1
   9              		.eabi_attribute 26, 1
  10              		.eabi_attribute 30, 1
  11              		.eabi_attribute 34, 1
  12              		.eabi_attribute 18, 4
  13              		.file	"main.c"
  14              		.text
  15              	.Ltext0:
  16              		.cfi_sections	.debug_frame
  17              		.section	.text.SPI2GPIOConfig,"ax",%progbits
  18              		.align	1
  19              		.global	SPI2GPIOConfig
  20              		.syntax unified
  21              		.thumb
  22              		.thumb_func
  23              		.fpu fpv4-sp-d16
  25              	SPI2GPIOConfig:
  26              	.LFB124:
  27              		.file 1 "src/main.c"
   1:src/main.c    **** #include "stm32f4xx.h"
   2:src/main.c    **** #include "sysclk.h"
   3:src/main.c    **** 
   4:src/main.c    **** void SPI2GPIOConfig (void);
   5:src/main.c    **** 
   6:src/main.c    **** int main(void)
   7:src/main.c    **** {
   8:src/main.c    ****     SystemClockConfig();
   9:src/main.c    ****     SPI2GPIOConfig();
  10:src/main.c    **** 
  11:src/main.c    ****     while (1)
  12:src/main.c    ****     {
  13:src/main.c    ****     }
  14:src/main.c    **** }
  15:src/main.c    **** 
  16:src/main.c    **** /*
  17:src/main.c    ****  * Configure GPIOB pins 12-15 for SPI2
  18:src/main.c    ****  * PB12 = NSS
  19:src/main.c    ****  * PB13 = SCK
  20:src/main.c    ****  * PB14 = MISO
  21:src/main.c    ****  * PB15 = MOSI
  22:src/main.c    ****  *
  23:src/main.c    ****  * MODE = AF
  24:src/main.c    ****  * OTYPE = Output Push-Pull
  25:src/main.c    ****  * OSPEED = Very High Speed
  26:src/main.c    ****  * PUPD = NO Pull-up Pull-down
  27:src/main.c    ****  * AF = AF_5
  28:src/main.c    ****  */
  29:src/main.c    **** void SPI2GPIOConfig (void) {
  28              		.loc 1 29 0
  29              		.cfi_startproc
ARM GAS  /var/folders/9r/058dd0ks2p13fgrcl1zm9cj40000gp/T//ccOt79jb.s 			page 2


  30              		@ args = 0, pretend = 0, frame = 0
  31              		@ frame_needed = 0, uses_anonymous_args = 0
  32              		@ link register save eliminated.
  30:src/main.c    ****     // Eable the GPIOB clock
  31:src/main.c    ****     SET_BIT(RCC->AHB1ENR, RCC_AHB1ENR_GPIOBEN);
  33              		.loc 1 31 0
  34 0000 114A     		ldr	r2, .L2
  35 0002 136B     		ldr	r3, [r2, #48]
  36 0004 43F00203 		orr	r3, r3, #2
  37 0008 1363     		str	r3, [r2, #48]
  32:src/main.c    **** 
  33:src/main.c    ****     // Configure GPIOB pins 12-15
  34:src/main.c    **** 
  35:src/main.c    ****     // Set MODER to AF mode (0b10)
  36:src/main.c    ****     MODIFY_REG(GPIOB->MODER, (GPIO_MODER_MODE12 | GPIO_MODER_MODE13 | GPIO_MODER_MODE14 | GPIO_MODE
  38              		.loc 1 36 0
  39 000a 104B     		ldr	r3, .L2+4
  40 000c 1A68     		ldr	r2, [r3]
  41 000e 22F07F42 		bic	r2, r2, #-16777216
  42 0012 42F02A42 		orr	r2, r2, #-1442840576
  43 0016 1A60     		str	r2, [r3]
  37:src/main.c    ****                              (GPIO_MODER_MODE12_1 | GPIO_MODER_MODE13_1 | GPIO_MODER_MODE14_1 | GPI
  38:src/main.c    **** 
  39:src/main.c    ****     // Set OTYPER to Output Push-Pull (0b0)
  40:src/main.c    ****     MODIFY_REG(GPIOB->OTYPER, (GPIO_OTYPER_OT12 | GPIO_OTYPER_OT13 | GPIO_OTYPER_OT14 | GPIO_OTYPER
  44              		.loc 1 40 0
  45 0018 5A68     		ldr	r2, [r3, #4]
  46 001a 22F47042 		bic	r2, r2, #61440
  47 001e 5A60     		str	r2, [r3, #4]
  41:src/main.c    **** 
  42:src/main.c    ****     // Set OSPEEDR to Very High Speed (0b11)
  43:src/main.c    ****     MODIFY_REG(GPIOB->OSPEEDR, (GPIO_OSPEEDR_OSPEED12 | GPIO_OSPEEDR_OSPEED13 | GPIO_OSPEEDR_OSPEED
  48              		.loc 1 43 0
  49 0020 9A68     		ldr	r2, [r3, #8]
  50 0022 42F07F42 		orr	r2, r2, #-16777216
  51 0026 9A60     		str	r2, [r3, #8]
  44:src/main.c    ****                                (GPIO_OSPEEDR_OSPEED12_0 | GPIO_OSPEEDR_OSPEED12_1 | GPIO_OSPEEDR_OS
  45:src/main.c    ****                                 GPIO_OSPEEDR_OSPEED14_0 | GPIO_OSPEEDR_OSPEED14_1 | GPIO_OSPEEDR_OS
  46:src/main.c    **** 
  47:src/main.c    ****     // Set PUPDR to No Pull-Up Pull-Down (0b00)
  48:src/main.c    ****     MODIFY_REG(GPIOB->PUPDR, (GPIO_PUPDR_PUPD12 | GPIO_PUPDR_PUPD13 | GPIO_PUPDR_PUPD14 | GPIO_PUPD
  52              		.loc 1 48 0
  53 0028 DA68     		ldr	r2, [r3, #12]
  54 002a 22F07F42 		bic	r2, r2, #-16777216
  55 002e DA60     		str	r2, [r3, #12]
  49:src/main.c    **** 
  50:src/main.c    ****     // Set AF5
  51:src/main.c    ****     MODIFY_REG(GPIOB->AFR[1], (GPIO_AFRH_AFSEL12 | GPIO_AFRH_AFSEL13 | GPIO_AFRH_AFSEL14 | GPIO_AFR
  56              		.loc 1 51 0
  57 0030 5A6A     		ldr	r2, [r3, #36]
  58 0032 22F0BF42 		bic	r2, r2, #1602224128
  59 0036 22F4FE02 		bic	r2, r2, #8323072
  60 003a 42F0AA42 		orr	r2, r2, #1426063360
  61 003e 42F4AA02 		orr	r2, r2, #5570560
  62 0042 5A62     		str	r2, [r3, #36]
  63 0044 7047     		bx	lr
  64              	.L3:
ARM GAS  /var/folders/9r/058dd0ks2p13fgrcl1zm9cj40000gp/T//ccOt79jb.s 			page 3


  65 0046 00BF     		.align	2
  66              	.L2:
  67 0048 00380240 		.word	1073887232
  68 004c 00040240 		.word	1073873920
  69              		.cfi_endproc
  70              	.LFE124:
  72              		.section	.text.main,"ax",%progbits
  73              		.align	1
  74              		.global	main
  75              		.syntax unified
  76              		.thumb
  77              		.thumb_func
  78              		.fpu fpv4-sp-d16
  80              	main:
  81              	.LFB123:
   7:src/main.c    ****     SystemClockConfig();
  82              		.loc 1 7 0
  83              		.cfi_startproc
  84              		@ Volatile: function does not return.
  85              		@ args = 0, pretend = 0, frame = 0
  86              		@ frame_needed = 0, uses_anonymous_args = 0
  87 0000 08B5     		push	{r3, lr}
  88              	.LCFI0:
  89              		.cfi_def_cfa_offset 8
  90              		.cfi_offset 3, -8
  91              		.cfi_offset 14, -4
   8:src/main.c    ****     SPI2GPIOConfig();
  92              		.loc 1 8 0
  93 0002 FFF7FEFF 		bl	SystemClockConfig
  94              	.LVL0:
   9:src/main.c    **** 
  95              		.loc 1 9 0
  96 0006 FFF7FEFF 		bl	SPI2GPIOConfig
  97              	.LVL1:
  98              	.L5:
  99 000a FEE7     		b	.L5
 100              		.cfi_endproc
 101              	.LFE123:
 103              		.text
 104              	.Letext0:
 105              		.file 2 "/Users/John/local/gcc-arm-none-eabi-6-2017-q1-update/arm-none-eabi/include/machine/_defau
 106              		.file 3 "/Users/John/local/gcc-arm-none-eabi-6-2017-q1-update/arm-none-eabi/include/sys/_stdint.h"
 107              		.file 4 "CMSIS/Include/core_cm4.h"
 108              		.file 5 "CMSIS/Device/ST/STM32F4xx/Include/system_stm32f4xx.h"
 109              		.file 6 "CMSIS/Device/ST/STM32F4xx/Include/stm32f415xx.h"
 110              		.file 7 "inc/sysclk.h"
ARM GAS  /var/folders/9r/058dd0ks2p13fgrcl1zm9cj40000gp/T//ccOt79jb.s 			page 4


DEFINED SYMBOLS
                            *ABS*:0000000000000000 main.c
/var/folders/9r/058dd0ks2p13fgrcl1zm9cj40000gp/T//ccOt79jb.s:18     .text.SPI2GPIOConfig:0000000000000000 $t
/var/folders/9r/058dd0ks2p13fgrcl1zm9cj40000gp/T//ccOt79jb.s:25     .text.SPI2GPIOConfig:0000000000000000 SPI2GPIOConfig
/var/folders/9r/058dd0ks2p13fgrcl1zm9cj40000gp/T//ccOt79jb.s:67     .text.SPI2GPIOConfig:0000000000000048 $d
/var/folders/9r/058dd0ks2p13fgrcl1zm9cj40000gp/T//ccOt79jb.s:73     .text.main:0000000000000000 $t
/var/folders/9r/058dd0ks2p13fgrcl1zm9cj40000gp/T//ccOt79jb.s:80     .text.main:0000000000000000 main
                     .debug_frame:0000000000000010 $d

UNDEFINED SYMBOLS
SystemClockConfig
